#
# There is insufficient memory for the Java Runtime Environment to continue.
# Native memory allocation (malloc) failed to allocate 470864 bytes for Chunk::new
# Possible reasons:
#   The system is out of physical RAM or swap space
#   In 32 bit mode, the process size limit was hit
# Possible solutions:
#   Reduce memory load on the system
#   Increase physical memory or swap space
#   Check if swap backing store is full
#   Use 64 bit Java on a 64 bit OS
#   Decrease Java heap size (-Xmx/-Xms)
#   Decrease number of Java threads
#   Decrease Java thread stack sizes (-Xss)
#   Set larger code cache with -XX:ReservedCodeCacheSize=
# This output file may be truncated or incomplete.
#
#  Out of Memory Error (allocation.cpp:390), pid=3472, tid=0x0000000000002748
#
# JRE version: Java(TM) SE Runtime Environment (8.0_131-b11) (build 1.8.0_131-b11)
# Java VM: Java HotSpot(TM) 64-Bit Server VM (25.131-b11 mixed mode windows-amd64 compressed oops)
# Failed to write core dump. Minidumps are not enabled by default on client versions of Windows
#

---------------  T H R E A D  ---------------

Current thread (0x0000000019487000):  JavaThread "C2 CompilerThread0" daemon [_thread_in_native, id=10056, stack(0x0000000019b50000,0x0000000019c50000)]

Stack: [0x0000000019b50000,0x0000000019c50000]
[error occurred during error reporting (printing stack bounds), id 0xc0000005]

Native frames: (J=compiled Java code, j=interpreted, Vv=VM code, C=native code)


Current CompileTask:
C2:   3155 1271   !   4       java.lang.ClassLoader::loadClass (122 bytes)


---------------  P R O C E S S  ---------------

Java Threads: ( => current thread )
  0x0000000019544800 JavaThread "Service Thread" daemon [_thread_blocked, id=8248, stack(0x0000000019e50000,0x0000000019f50000)]
  0x0000000019496000 JavaThread "C1 CompilerThread2" daemon [_thread_blocked, id=8336, stack(0x0000000019d50000,0x0000000019e50000)]
  0x000000001948c800 JavaThread "C2 CompilerThread1" daemon [_thread_blocked, id=880, stack(0x0000000019c50000,0x0000000019d50000)]
=>0x0000000019487000 JavaThread "C2 CompilerThread0" daemon [_thread_in_native, id=10056, stack(0x0000000019b50000,0x0000000019c50000)]
  0x000000001813e000 JavaThread "Monitor Ctrl-Break" daemon [_thread_in_native, id=6760, stack(0x0000000019a50000,0x0000000019b50000)]
  0x0000000019460800 JavaThread "Attach Listener" daemon [_thread_blocked, id=280, stack(0x0000000019950000,0x0000000019a50000)]
  0x00000000048de800 JavaThread "Signal Dispatcher" daemon [_thread_blocked, id=1556, stack(0x0000000019850000,0x0000000019950000)]
  0x00000000180ce000 JavaThread "Finalizer" daemon [_thread_blocked, id=2772, stack(0x0000000019350000,0x0000000019450000)]
  0x00000000048d3000 JavaThread "Reference Handler" daemon [_thread_blocked, id=4772, stack(0x0000000019250000,0x0000000019350000)]
  0x000000000424e000 JavaThread "main" [_thread_in_vm, id=5612, stack(0x0000000004100000,0x0000000004200000)]

Other Threads:
  0x00000000180a7000 VMThread [stack: 0x0000000019150000,0x0000000019250000] [id=10028]
  0x0000000019567800 WatcherThread [stack: 0x0000000019f50000,0x000000001a050000] [id=1668]

VM state:not at safepoint (normal execution)

VM Mutex/Monitor currently owned by a thread:  ([mutex/lock_event])
[0x00000000047e11d0] MultiArray_lock - owner thread: 0x000000000424e000

Heap:
 PSYoungGen      total 28160K, used 28137K [0x00000000e0d80000, 0x00000000e4480000, 0x0000000100000000)
  eden space 24576K, 100% used [0x00000000e0d80000,0x00000000e2580000,0x00000000e2580000)
  from space 3584K, 99% used [0x00000000e2900000,0x00000000e2c7a7d8,0x00000000e2c80000)
  to   space 3584K, 0% used [0x00000000e2580000,0x00000000e2580000,0x00000000e2900000)
 ParOldGen       total 64512K, used 1533K [0x00000000a2800000, 0x00000000a6700000, 0x00000000e0d80000)
  object space 64512K, 2% used [0x00000000a2800000,0x00000000a297f4a0,0x00000000a6700000)
 Metaspace       used 12817K, capacity 13082K, committed 13312K, reserved 1060864K
  class space    used 1594K, capacity 1673K, committed 1792K, reserved 1048576K

Card table byte_map: [0x0000000013ca0000,0x0000000013f90000] byte_map_base: 0x000000001378c000

Marking Bits: (ParMarkBitMap*) 0x000000006e4fc720
 Begin Bits: [0x0000000014590000, 0x0000000015cf0000)
 End Bits:   [0x0000000015cf0000, 0x0000000017450000)

Polling page: 0x0000000002450000

CodeCache: size=245760Kb used=4386Kb max_used=4389Kb free=241373Kb
 bounds [0x00000000048e0000, 0x0000000004d30000, 0x00000000138e0000]
 total_blobs=1594 nmethods=1274 adapters=233
 compilation: enabled

Compilation events (10 events):
Event: 3.003 Thread 0x0000000019496000 nmethod 1269 0x0000000004d2aed0 code [0x0000000004d2b060, 0x0000000004d2b4f8]
Event: 3.009 Thread 0x0000000019496000 1270       3       java.util.Hashtable$Enumerator::next (27 bytes)
Event: 3.010 Thread 0x0000000019496000 nmethod 1270 0x0000000004d2a9d0 code [0x0000000004d2ab60, 0x0000000004d2adb8]
Event: 3.019 Thread 0x0000000019487000 1271   !   4       java.lang.ClassLoader::loadClass (122 bytes)
Event: 3.086 Thread 0x0000000019496000 1273       3       java.util.LinkedHashMap$LinkedEntryIterator::next (5 bytes)
Event: 3.087 Thread 0x0000000019496000 nmethod 1273 0x0000000004d2e590 code [0x0000000004d2e700, 0x0000000004d2e9e8]
Event: 3.087 Thread 0x0000000019496000 1274       3       java.util.LinkedHashMap$LinkedEntryIterator::next (5 bytes)
Event: 3.087 Thread 0x0000000019496000 nmethod 1274 0x0000000004d2e190 code [0x0000000004d2e300, 0x0000000004d2e508]
Event: 3.104 Thread 0x0000000019496000 1275       3       java.lang.String::codePointAt (36 bytes)
Event: 3.105 Thread 0x0000000019496000 nmethod 1275 0x0000000004d2dc10 code [0x0000000004d2dda0, 0x0000000004d2e058]

GC Heap History (4 events):
Event: 1.341 GC heap before
{Heap before GC invocations=1 (full 0):
 PSYoungGen      total 28160K, used 24576K [0x00000000e0d80000, 0x00000000e2c80000, 0x0000000100000000)
  eden space 24576K, 100% used [0x00000000e0d80000,0x00000000e2580000,0x00000000e2580000)
  from space 3584K, 0% used [0x00000000e2900000,0x00000000e2900000,0x00000000e2c80000)
  to   space 3584K, 0% used [0x00000000e2580000,0x00000000e2580000,0x00000000e2900000)
 ParOldGen       total 64512K, used 0K [0x00000000a2800000, 0x00000000a6700000, 0x00000000e0d80000)
  object space 64512K, 0% used [0x00000000a2800000,0x00000000a2800000,0x00000000a6700000)
 Metaspace       used 7575K, capacity 7752K, committed 7936K, reserved 1056768K
  class space    used 919K, capacity 988K, committed 1024K, reserved 1048576K
Event: 1.352 GC heap after
Heap after GC invocations=1 (full 0):
 PSYoungGen      total 28160K, used 3575K [0x00000000e0d80000, 0x00000000e2c80000, 0x0000000100000000)
  eden space 24576K, 0% used [0x00000000e0d80000,0x00000000e0d80000,0x00000000e2580000)
  from space 3584K, 99% used [0x00000000e2580000,0x00000000e28fdca8,0x00000000e2900000)
  to   space 3584K, 0% used [0x00000000e2900000,0x00000000e2900000,0x00000000e2c80000)
 ParOldGen       total 64512K, used 456K [0x00000000a2800000, 0x00000000a6700000, 0x00000000e0d80000)
  object space 64512K, 0% used [0x00000000a2800000,0x00000000a2872260,0x00000000a6700000)
 Metaspace       used 7575K, capacity 7752K, committed 7936K, reserved 1056768K
  class space    used 919K, capacity 988K, committed 1024K, reserved 1048576K
}
Event: 2.018 GC heap before
{Heap before GC invocations=2 (full 0):
 PSYoungGen      total 28160K, used 28151K [0x00000000e0d80000, 0x00000000e2c80000, 0x0000000100000000)
  eden space 24576K, 100% used [0x00000000e0d80000,0x00000000e2580000,0x00000000e2580000)
  from space 3584K, 99% used [0x00000000e2580000,0x00000000e28fdca8,0x00000000e2900000)
  to   space 3584K, 0% used [0x00000000e2900000,0x00000000e2900000,0x00000000e2c80000)
 ParOldGen       total 64512K, used 456K [0x00000000a2800000, 0x00000000a6700000, 0x00000000e0d80000)
  object space 64512K, 0% used [0x00000000a2800000,0x00000000a2872260,0x00000000a6700000)
 Metaspace       used 9726K, capacity 9886K, committed 9984K, reserved 1058816K
  class space    used 1192K, capacity 1252K, committed 1280K, reserved 1048576K
Event: 2.030 GC heap after
Heap after GC invocations=2 (full 0):
 PSYoungGen      total 28160K, used 3561K [0x00000000e0d80000, 0x00000000e4480000, 0x0000000100000000)
  eden space 24576K, 0% used [0x00000000e0d80000,0x00000000e0d80000,0x00000000e2580000)
  from space 3584K, 99% used [0x00000000e2900000,0x00000000e2c7a7d8,0x00000000e2c80000)
  to   space 3584K, 0% used [0x00000000e2580000,0x00000000e2580000,0x00000000e2900000)
 ParOldGen       total 64512K, used 1533K [0x00000000a2800000, 0x00000000a6700000, 0x00000000e0d80000)
  object space 64512K, 2% used [0x00000000a2800000,0x00000000a297f4a0,0x00000000a6700000)
 Metaspace       used 9726K, capacity 9886K, committed 9984K, reserved 1058816K
  class space    used 1192K, capacity 1252K, committed 1280K, reserved 1048576K
}

Deoptimization events (9 events):
Event: 1.437 Thread 0x000000000424e000 Uncommon trap: reason=unstable_if action=reinterpret pc=0x0000000004b74444 method=org.codehaus.plexus.util.InterpolationFilterReader.read([CII)I @ 18
Event: 1.446 Thread 0x000000000424e000 Uncommon trap: reason=unstable_if action=reinterpret pc=0x0000000004b71f7c method=org.codehaus.plexus.util.xml.pull.MXParser.nextImpl()I @ 241
Event: 1.461 Thread 0x000000000424e000 Uncommon trap: reason=unstable_if action=reinterpret pc=0x0000000004b74a0c method=org.codehaus.plexus.util.InterpolationFilterReader.read([CII)I @ 18
Event: 1.480 Thread 0x000000000424e000 Uncommon trap: reason=unstable_if action=reinterpret pc=0x0000000004b73028 method=org.codehaus.plexus.util.xml.pull.MXParser.isWhitespace()Z @ 20
Event: 1.571 Thread 0x000000000424e000 Uncommon trap: reason=unstable_if action=reinterpret pc=0x0000000004b7361c method=java.nio.charset.CharsetDecoder.decode(Ljava/nio/ByteBuffer;Ljava/nio/CharBuffer;Z)Ljava/nio/charset/CoderResult; @ 1
Event: 1.662 Thread 0x000000000424e000 Uncommon trap: reason=unstable_if action=reinterpret pc=0x0000000004b84204 method=java.util.HashMap.getNode(ILjava/lang/Object;)Ljava/util/HashMap$Node; @ 129
Event: 1.662 Thread 0x000000000424e000 Uncommon trap: reason=unstable_if action=reinterpret pc=0x0000000004b74ef8 method=java.util.HashMap.getNode(ILjava/lang/Object;)Ljava/util/HashMap$Node; @ 129
Event: 2.956 Thread 0x000000000424e000 Uncommon trap: reason=null_check action=make_not_entrant pc=0x0000000004aa791c method=java.lang.String.equals(Ljava/lang/Object;)Z @ 8
Event: 2.981 Thread 0x000000000424e000 Uncommon trap: reason=unstable_if action=reinterpret pc=0x0000000004baa8d0 method=org.codehaus.plexus.util.xml.pull.MXParser.parseStartTag()I @ 443

Internal exceptions (10 events):
Event: 1.040 Thread 0x000000000424e000 Exception <a 'java/lang/ArrayIndexOutOfBoundsException': 43> (0x00000000e1cdaa30) thrown at [C:\re\workspace\8-2-build-windows-amd64-cygwin\jdk8u131\8869\hotspot\src\share\vm\interpreter\interpreterRuntime.cpp, line 366]
Event: 1.042 Thread 0x000000000424e000 Exception <a 'java/lang/ArrayIndexOutOfBoundsException': 92> (0x00000000e1cdf668) thrown at [C:\re\workspace\8-2-build-windows-amd64-cygwin\jdk8u131\8869\hotspot\src\share\vm\interpreter\interpreterRuntime.cpp, line 366]
Event: 1.147 Thread 0x000000000424e000 Exception <a 'java/lang/ArrayIndexOutOfBoundsException'> (0x00000000e1f4b3b0) thrown at [C:\re\workspace\8-2-build-windows-amd64-cygwin\jdk8u131\8869\hotspot\src\share\vm\runtime\sharedRuntime.cpp, line 605]
Event: 1.164 Thread 0x000000000424e000 Exception <a 'java/lang/ArrayIndexOutOfBoundsException'> (0x00000000e1f9ef40) thrown at [C:\re\workspace\8-2-build-windows-amd64-cygwin\jdk8u131\8869\hotspot\src\share\vm\runtime\sharedRuntime.cpp, line 605]
Event: 1.492 Thread 0x000000000424e000 Exception <a 'java/lang/ArrayIndexOutOfBoundsException'> (0x00000000e1639a08) thrown at [C:\re\workspace\8-2-build-windows-amd64-cygwin\jdk8u131\8869\hotspot\src\share\vm\runtime\sharedRuntime.cpp, line 605]
Event: 1.492 Thread 0x000000000424e000 Exception <a 'java/lang/ArrayIndexOutOfBoundsException'> (0x00000000e163b3b0) thrown at [C:\re\workspace\8-2-build-windows-amd64-cygwin\jdk8u131\8869\hotspot\src\share\vm\runtime\sharedRuntime.cpp, line 605]
Event: 1.578 Thread 0x000000000424e000 Exception <a 'java/lang/ArrayIndexOutOfBoundsException'> (0x00000000e17c4880) thrown at [C:\re\workspace\8-2-build-windows-amd64-cygwin\jdk8u131\8869\hotspot\src\share\vm\runtime\sharedRuntime.cpp, line 605]
Event: 1.600 Thread 0x000000000424e000 Exception <a 'java/lang/ArrayIndexOutOfBoundsException'> (0x00000000e1875b80) thrown at [C:\re\workspace\8-2-build-windows-amd64-cygwin\jdk8u131\8869\hotspot\src\share\vm\runtime\sharedRuntime.cpp, line 605]
Event: 1.600 Thread 0x000000000424e000 Exception <a 'java/lang/ArrayIndexOutOfBoundsException'> (0x00000000e1876988) thrown at [C:\re\workspace\8-2-build-windows-amd64-cygwin\jdk8u131\8869\hotspot\src\share\vm\runtime\sharedRuntime.cpp, line 605]
Event: 2.956 Thread 0x000000000424e000 Implicit null exception at 0x0000000004aa775b to 0x0000000004aa790d

Events (10 events):
Event: 3.122 loading class org/apache/maven/model/building/ModelSource2
Event: 3.122 loading class org/apache/maven/model/building/ModelSource2 done
Event: 3.125 loading class org/apache/maven/model/io/xpp3/MavenXpp3ReaderEx
Event: 3.125 loading class org/apache/maven/model/io/xpp3/MavenXpp3ReaderEx done
Event: 3.141 loading class org/apache/maven/model/Parent
Event: 3.141 loading class org/apache/maven/model/Parent done
Event: 3.146 loading class org/codehaus/plexus/util/xml/Xpp3DomBuilder
Event: 3.146 loading class org/codehaus/plexus/util/xml/Xpp3DomBuilder done
Event: 3.147 loading class org/codehaus/plexus/util/xml/XMLWriter
Event: 3.147 loading class org/codehaus/plexus/util/xml/XMLWriter done


Dynamic libraries:
0x00007ff743620000 - 0x00007ff743657000 	C:\Program Files\Java\jdk1.8.0_131\bin\java.exe
0x00007ff8e24a0000 - 0x00007ff8e2680000 	C:\WINDOWS\SYSTEM32\ntdll.dll
0x00007ff8e1c40000 - 0x00007ff8e1cee000 	C:\WINDOWS\System32\KERNEL32.DLL
0x00007ff8df560000 - 0x00007ff8df7c6000 	C:\WINDOWS\System32\KERNELBASE.dll
0x00007ff8e1e00000 - 0x00007ff8e1ea1000 	C:\WINDOWS\System32\ADVAPI32.dll
0x00007ff8df970000 - 0x00007ff8dfa0d000 	C:\WINDOWS\System32\msvcrt.dll
0x00007ff8e1770000 - 0x00007ff8e17cb000 	C:\WINDOWS\System32\sechost.dll
0x00007ff8e1640000 - 0x00007ff8e175f000 	C:\WINDOWS\System32\RPCRT4.dll
0x00007ff8dfa10000 - 0x00007ff8dfb9f000 	C:\WINDOWS\System32\USER32.dll
0x00007ff8df090000 - 0x00007ff8df0b0000 	C:\WINDOWS\System32\win32u.dll
0x00007ff8dfba0000 - 0x00007ff8dfbc8000 	C:\WINDOWS\System32\GDI32.dll
0x00007ff8df7d0000 - 0x00007ff8df963000 	C:\WINDOWS\System32\gdi32full.dll
0x00007ff8de8a0000 - 0x00007ff8de93b000 	C:\WINDOWS\System32\msvcp_win.dll
0x00007ff8df180000 - 0x00007ff8df276000 	C:\WINDOWS\System32\ucrtbase.dll
0x00007ff8ceef0000 - 0x00007ff8cf159000 	C:\WINDOWS\WinSxS\amd64_microsoft.windows.common-controls_6595b64144ccf1df_6.0.16299.125_none_15cbcf8893620c09\COMCTL32.dll
0x00007ff8e2160000 - 0x00007ff8e2468000 	C:\WINDOWS\System32\combase.dll
0x00007ff8df0b0000 - 0x00007ff8df122000 	C:\WINDOWS\System32\bcryptPrimitives.dll
0x00007ff8e1ae0000 - 0x00007ff8e1b0d000 	C:\WINDOWS\System32\IMM32.DLL
0x000000006ee90000 - 0x000000006ef62000 	C:\Program Files\Java\jdk1.8.0_131\jre\bin\msvcr100.dll
0x000000006dce0000 - 0x000000006e57c000 	C:\Program Files\Java\jdk1.8.0_131\jre\bin\server\jvm.dll
0x00007ff8e1760000 - 0x00007ff8e1768000 	C:\WINDOWS\System32\PSAPI.DLL
0x00007ff8d5ae0000 - 0x00007ff8d5ae9000 	C:\WINDOWS\SYSTEM32\WSOCK32.dll
0x00007ff8e1030000 - 0x00007ff8e109c000 	C:\WINDOWS\System32\WS2_32.dll
0x00007ff8d9320000 - 0x00007ff8d932a000 	C:\WINDOWS\SYSTEM32\VERSION.dll
0x00007ff8d5d50000 - 0x00007ff8d5d73000 	C:\WINDOWS\SYSTEM32\WINMM.dll
0x00007ff8d5d20000 - 0x00007ff8d5d4a000 	C:\WINDOWS\SYSTEM32\winmmbase.dll
0x00007ff8df130000 - 0x00007ff8df17a000 	C:\WINDOWS\System32\cfgmgr32.dll
0x000000006ee80000 - 0x000000006ee8f000 	C:\Program Files\Java\jdk1.8.0_131\jre\bin\verify.dll
0x000000006ee50000 - 0x000000006ee79000 	C:\Program Files\Java\jdk1.8.0_131\jre\bin\java.dll
0x000000006ee20000 - 0x000000006ee43000 	C:\Program Files\Java\jdk1.8.0_131\jre\bin\instrument.dll
0x000000006ee00000 - 0x000000006ee16000 	C:\Program Files\Java\jdk1.8.0_131\jre\bin\zip.dll
0x00007ff8dfbd0000 - 0x00007ff8e1006000 	C:\WINDOWS\System32\SHELL32.dll
0x00007ff8e20b0000 - 0x00007ff8e2156000 	C:\WINDOWS\System32\shcore.dll
0x00007ff8de940000 - 0x00007ff8df087000 	C:\WINDOWS\System32\windows.storage.dll
0x00007ff8e1f30000 - 0x00007ff8e1f81000 	C:\WINDOWS\System32\shlwapi.dll
0x00007ff8de830000 - 0x00007ff8de841000 	C:\WINDOWS\System32\kernel.appcore.dll
0x00007ff8de850000 - 0x00007ff8de89c000 	C:\WINDOWS\System32\powrprof.dll
0x00007ff8de7f0000 - 0x00007ff8de80b000 	C:\WINDOWS\System32\profapi.dll
0x00007ff8d8cc0000 - 0x00007ff8d8cda000 	C:\MySoftware\idea\IntelliJ IDEA 2018.3.6\bin\breakgen64.dll
0x000000006ede0000 - 0x000000006edfa000 	C:\Program Files\Java\jdk1.8.0_131\jre\bin\net.dll
0x00007ff8de050000 - 0x00007ff8de0b6000 	C:\WINDOWS\system32\mswsock.dll

VM Arguments:
jvm_args: -Dmaven.home=C:\MySoftware\apache-maven-3.2.2-bin\apache-maven-3.2.2 -Dclassworlds.conf=C:\MySoftware\apache-maven-3.2.2-bin\apache-maven-3.2.2\bin\m2.conf -javaagent:C:\MySoftware\idea\IntelliJ IDEA 2018.3.6\lib\idea_rt.jar=53343:C:\MySoftware\idea\IntelliJ IDEA 2018.3.6\bin -Dfile.encoding=UTF-8 
java_command: org.codehaus.classworlds.Launcher -Didea.version=2018.3.6 -s C:\MySoftware\apache-maven-3.2.2-bin\apache-maven-3.2.2\conf\settings.xml install
java_class_path (initial): C:\MySoftware\apache-maven-3.2.2-bin\apache-maven-3.2.2\boot\plexus-classworlds-2.5.1.jar;C:\MySoftware\idea\IntelliJ IDEA 2018.3.6\lib\idea_rt.jar
Launcher Type: SUN_STANDARD

Environment Variables:
JAVA_HOME=C:\Program Files\Java\jdk1.8.0_131
PATH=C:\Program Files\Java\jdk1.8.0_131\bin;C:\MySoftware\apache-tomcat-7.0.79-windows-x64\apache-tomcat-7.0.79\bin;C:\ProgramData\Oracle\Java\javapath;C:\WINDOWS\system32;C:\WINDOWS;C:\WINDOWS\System32\Wbem;C:\WINDOWS\System32\WindowsPowerShell\v1.0\;C:\Users\ÂÌÒ°À¶É¼\AppData\Local\Microsoft\WindowsApps;
USERNAME=ÂÌÒ°À¶É¼
OS=Windows_NT
PROCESSOR_IDENTIFIER=Intel64 Family 6 Model 92 Stepping 9, GenuineIntel



---------------  S Y S T E M  ---------------

OS: Windows 10.0 , 64 bit Build 16299 (10.0.16299.15)

CPU:total 4 (initial active 4) (4 cores per cpu, 1 threads per core) family 6 model 92 stepping 9, cmov, cx8, fxsr, mmx, sse, sse2, sse3, ssse3, sse4.1, sse4.2, popcnt, aes, clmul, erms, 3dnowpref, tsc, tscinvbit

Memory: 4k page, physical 6120248k(742352k free), swap 6120248k(4228k free)

vm_info: Java HotSpot(TM) 64-Bit Server VM (25.131-b11) for windows-amd64 JRE (1.8.0_131-b11), built on Mar 15 2017 01:23:53 by "java_re" with MS VC++ 10.0 (VS2010)

time: Thu Oct 10 01:56:44 2019
elapsed time: 3 seconds (0d 0h 0m 3s)

